#
# There is insufficient memory for the Java Runtime Environment to continue.
# Native memory allocation (malloc) failed to allocate 4092 bytes for AllocateHeap
# Possible reasons:
#   The system is out of physical RAM or swap space
#   In 32 bit mode, the process size limit was hit
# Possible solutions:
#   Reduce memory load on the system
#   Increase physical memory or swap space
#   Check if swap backing store is full
#   Use 64 bit Java on a 64 bit OS
#   Decrease Java heap size (-Xmx/-Xms)
#   Decrease number of Java threads
#   Decrease Java thread stack sizes (-Xss)
#   Set larger code cache with -XX:ReservedCodeCacheSize=
# This output file may be truncated or incomplete.
#
#  Out of Memory Error (memory/allocation.inline.hpp:62), pid=92980, tid=81804
#
# JRE version: Java(TM) SE Runtime Environment (8.0_20-b26) (build 1.8.0_20-b26)
# Java VM: Java HotSpot(TM) Client VM (25.20-b23 mixed mode windows-x86 )
# Failed to write core dump. Minidumps are not enabled by default on client versions of Windows
#

---------------  T H R E A D  ---------------

Current thread (0x02b9a800):  VMThread [stack: 0x453d0000,0x45420000] [id=81804]

Stack: [0x453d0000,0x45420000],  sp=0x4541f184,  free space=316k
Native frames: (J=compiled Java code, j=interpreted, Vv=VM code, C=native code)
V  [jvm.dll+0x196ccb]
V  [jvm.dll+0x18fc98]
V  [jvm.dll+0x88d6b]
V  [jvm.dll+0x111e2f]
V  [jvm.dll+0xb34e5]
V  [jvm.dll+0x1a24e1]
V  [jvm.dll+0x1a26dc]
V  [jvm.dll+0x9ba4b]
V  [jvm.dll+0x98281]
V  [jvm.dll+0x8d8a0]
V  [jvm.dll+0x8f532]
V  [jvm.dll+0x8f98f]
V  [jvm.dll+0x8e80f]
V  [jvm.dll+0x9a5b3]
V  [jvm.dll+0x8d343]
V  [jvm.dll+0x878c5]
V  [jvm.dll+0x1a5776]
V  [jvm.dll+0x16e70b]
V  [jvm.dll+0x16dad1]
V  [jvm.dll+0x16dee7]
V  [jvm.dll+0x16e0e2]
V  [jvm.dll+0x1ae146]
C  [msvcr100.dll+0x5c556]
C  [msvcr100.dll+0x5c600]
C  [KERNEL32.DLL+0x17c04]
C  [ntdll.dll+0x5b5af]
C  [ntdll.dll+0x5b57a]

VM_Operation (0x02a7f390): GenCollectForAllocation, mode: safepoint, requested by thread 0x02a9c400


---------------  P R O C E S S  ---------------

Java Threads: ( => current thread )
  0x4545dc00 JavaThread "Service Thread" daemon [_thread_blocked, id=92264, stack(0x45bf0000,0x45cf0000)]
  0x4545b000 JavaThread "C1 CompilerThread0" daemon [_thread_blocked, id=576, stack(0x45b60000,0x45bb0000)]
  0x4545a000 JavaThread "Attach Listener" daemon [_thread_blocked, id=92244, stack(0x45a20000,0x45b20000)]
  0x45458400 JavaThread "Signal Dispatcher" daemon [_thread_blocked, id=92052, stack(0x458e0000,0x459e0000)]
  0x45425400 JavaThread "Finalizer" daemon [_thread_blocked, id=91700, stack(0x457a0000,0x458a0000)]
  0x02b9e400 JavaThread "Reference Handler" daemon [_thread_blocked, id=91708, stack(0x45660000,0x45760000)]
  0x02a9c400 JavaThread "main" [_thread_blocked, id=92672, stack(0x02980000,0x02a80000)]

Other Threads:
=>0x02b9a800 VMThread [stack: 0x453d0000,0x45420000] [id=81804]
  0x4546a000 WatcherThread [stack: 0x45d30000,0x45d80000] [id=92848]

VM state:at safepoint (normal execution)

VM Mutex/Monitor currently owned by a thread:  ([mutex/lock_event])
[0x02a9aff8] Threads_lock - owner thread: 0x02b9a800
[0x02a9b1f0] Heap_lock - owner thread: 0x02a9c400

Heap:
 def new generation   total 12736K, used 12736K [0x04c00000, 0x059d0000, 0x1a150000)
  eden space 11328K, 100% used [0x04c00000, 0x05710000, 0x05710000)
  from space 1408K, 100% used [0x05870000, 0x059d0000, 0x059d0000)
  to   space 1408K,   0% used [0x05710000, 0x05710000, 0x05870000)
 tenured generation   total 28208K, used 24985K [0x1a150000, 0x1bcdc000, 0x44c00000)
   the space 28208K,  88% used [0x1a150000, 0x1b9b66d8, 0x1b9b6800, 0x1bcdc000)
 Metaspace       used 3888K, capacity 3920K, committed 4032K, reserved 4480K

Card table byte_map: [0x44c00000,0x44e10000] byte_map_base: 0x44bda000

Polling page: 0x00f60000

CodeCache: size=32768Kb used=2484Kb max_used=2484Kb free=30283Kb
 bounds [0x02ba0000, 0x02e10000, 0x04ba0000]
 total_blobs=1353 nmethods=1201 adapters=84
 compilation: enabled

Compilation events (10 events):
Event: 4.312 Thread 0x4545b000 1202             java.util.TimSort::sort (229 bytes)
Event: 4.313 Thread 0x4545b000 nmethod 1202 0x02e0b708 code [0x02e0b870, 0x02e0bb50]
Event: 4.313 Thread 0x4545b000 1203             java.util.TimSort::mergeCollapse (101 bytes)
Event: 4.313 Thread 0x4545b000 nmethod 1203 0x02e0bf48 code [0x02e0c060, 0x02e0c1e8]
Event: 4.383 Thread 0x4545b000 1204             com.android.dx.io.instructions.InstructionCodec$17::decode (46 bytes)
Event: 4.384 Thread 0x4545b000 nmethod 1204 0x02e0c388 code [0x02e0c4b0, 0x02e0c6f8]
Event: 4.384 Thread 0x4545b000 1205             com.android.dx.io.instructions.InstructionCodec$17::encode (29 bytes)
Event: 4.385 Thread 0x4545b000 nmethod 1205 0x02e0c9c8 code [0x02e0cb10, 0x02e0cc9c]
Event: 4.526 Thread 0x4545b000 1206             java.util.ComparableTimSort::sort (219 bytes)
Event: 4.526 Thread 0x4545b000 nmethod 1206 0x02e0cf48 code [0x02e0d0b0, 0x02e0d370]

GC Heap History (10 events):
Event: 4.402 GC heap after
Heap after GC invocations=41 (full 6):
 def new generation   total 12736K, used 3K [0x04c00000, 0x059d0000, 0x1a150000)
  eden space 11328K,   0% used [0x04c00000, 0x04c00000, 0x05710000)
  from space 1408K,   0% used [0x05710000, 0x05710c58, 0x05870000)
  to   space 1408K,   0% used [0x05870000, 0x05870000, 0x059d0000)
 tenured generation   total 28208K, used 24551K [0x1a150000, 0x1bcdc000, 0x44c00000)
   the space 28208K,  87% used [0x1a150000, 0x1b949ef0, 0x1b94a000, 0x1bcdc000)
 Metaspace       used 3888K, capacity 3920K, committed 4032K, reserved 4480K
}
Event: 4.421 GC heap before
{Heap before GC invocations=41 (full 6):
 def new generation   total 12736K, used 11331K [0x04c00000, 0x059d0000, 0x1a150000)
  eden space 11328K, 100% used [0x04c00000, 0x05710000, 0x05710000)
  from space 1408K,   0% used [0x05710000, 0x05710c58, 0x05870000)
  to   space 1408K,   0% used [0x05870000, 0x05870000, 0x059d0000)
 tenured generation   total 28208K, used 24551K [0x1a150000, 0x1bcdc000, 0x44c00000)
   the space 28208K,  87% used [0x1a150000, 0x1b949ef0, 0x1b94a000, 0x1bcdc000)
 Metaspace       used 3888K, capacity 3920K, committed 4032K, reserved 4480K
Event: 4.422 GC heap after
Heap after GC invocations=42 (full 6):
 def new generation   total 12736K, used 1K [0x04c00000, 0x059d0000, 0x1a150000)
  eden space 11328K,   0% used [0x04c00000, 0x04c00000, 0x05710000)
  from space 1408K,   0% used [0x05870000, 0x05870538, 0x059d0000)
  to   space 1408K,   0% used [0x05710000, 0x05710000, 0x05870000)
 tenured generation   total 28208K, used 24551K [0x1a150000, 0x1bcdc000, 0x44c00000)
   the space 28208K,  87% used [0x1a150000, 0x1b949ef0, 0x1b94a000, 0x1bcdc000)
 Metaspace       used 3888K, capacity 3920K, committed 4032K, reserved 4480K
}
Event: 4.494 GC heap before
{Heap before GC invocations=42 (full 6):
 def new generation   total 12736K, used 11329K [0x04c00000, 0x059d0000, 0x1a150000)
  eden space 11328K, 100% used [0x04c00000, 0x05710000, 0x05710000)
  from space 1408K,   0% used [0x05870000, 0x05870538, 0x059d0000)
  to   space 1408K,   0% used [0x05710000, 0x05710000, 0x05870000)
 tenured generation   total 28208K, used 24551K [0x1a150000, 0x1bcdc000, 0x44c00000)
   the space 28208K,  87% used [0x1a150000, 0x1b949ef0, 0x1b94a000, 0x1bcdc000)
 Metaspace       used 3888K, capacity 3920K, committed 4032K, reserved 4480K
Event: 4.515 GC heap after
Heap after GC invocations=43 (full 7):
 def new generation   total 12736K, used 5897K [0x04c00000, 0x059d0000, 0x1a150000)
  eden space 11328K,  52% used [0x04c00000, 0x051c24f0, 0x05710000)
  from space 1408K,   0% used [0x05710000, 0x05710000, 0x05870000)
  to   space 1408K,   0% used [0x05870000, 0x05870000, 0x059d0000)
 tenured generation   total 28208K, used 24551K [0x1a150000, 0x1bcdc000, 0x44c00000)
   the space 28208K,  87% used [0x1a150000, 0x1b949ef0, 0x1b94a000, 0x1bcdc000)
 Metaspace       used 3888K, capacity 3920K, committed 4032K, reserved 4480K
}
Event: 4.530 GC heap before
{Heap before GC invocations=43 (full 7):
 def new generation   total 12736K, used 11328K [0x04c00000, 0x059d0000, 0x1a150000)
  eden space 11328K, 100% used [0x04c00000, 0x05710000, 0x05710000)
  from space 1408K,   0% used [0x05710000, 0x05710000, 0x05870000)
  to   space 1408K,   0% used [0x05870000, 0x05870000, 0x059d0000)
 tenured generation   total 28208K, used 24551K [0x1a150000, 0x1bcdc000, 0x44c00000)
   the space 28208K,  87% used [0x1a150000, 0x1b949ef0, 0x1b94a000, 0x1bcdc000)
 Metaspace       used 3888K, capacity 3920K, committed 4032K, reserved 4480K
Event: 4.556 GC heap after
Heap after GC invocations=44 (full 8):
 def new generation   total 12736K, used 6239K [0x04c00000, 0x059d0000, 0x1a150000)
  eden space 11328K,  55% used [0x04c00000, 0x05217f80, 0x05710000)
  from space 1408K,   0% used [0x05870000, 0x05870000, 0x059d0000)
  to   space 1408K,   0% used [0x05710000, 0x05710000, 0x05870000)
 tenured generation   total 28208K, used 24144K [0x1a150000, 0x1bcdc000, 0x44c00000)
   the space 28208K,  85% used [0x1a150000, 0x1b8e4358, 0x1b8e4400, 0x1bcdc000)
 Metaspace       used 3888K, capacity 3920K, committed 4032K, reserved 4480K
}
Event: 4.566 GC heap before
{Heap before GC invocations=44 (full 8):
 def new generation   total 12736K, used 11328K [0x04c00000, 0x059d0000, 0x1a150000)
  eden space 11328K, 100% used [0x04c00000, 0x05710000, 0x05710000)
  from space 1408K,   0% used [0x05870000, 0x05870000, 0x059d0000)
  to   space 1408K,   0% used [0x05710000, 0x05710000, 0x05870000)
 tenured generation   total 28208K, used 24144K [0x1a150000, 0x1bcdc000, 0x44c00000)
   the space 28208K,  85% used [0x1a150000, 0x1b8e4358, 0x1b8e4400, 0x1bcdc000)
 Metaspace       used 3888K, capacity 3920K, committed 4032K, reserved 4480K
Event: 4.593 GC heap after
Heap after GC invocations=45 (full 9):
 def new generation   total 12736K, used 6973K [0x04c00000, 0x059d0000, 0x1a150000)
  eden space 11328K,  61% used [0x04c00000, 0x052cf6c8, 0x05710000)
  from space 1408K,   0% used [0x05710000, 0x05710000, 0x05870000)
  to   space 1408K,   0% used [0x05870000, 0x05870000, 0x059d0000)
 tenured generation   total 28208K, used 24144K [0x1a150000, 0x1bcdc000, 0x44c00000)
   the space 28208K,  85% used [0x1a150000, 0x1b8e4358, 0x1b8e4400, 0x1bcdc000)
 Metaspace       used 3888K, capacity 3920K, committed 4032K, reserved 4480K
}
Event: 4.603 GC heap before
{Heap before GC invocations=45 (full 9):
 def new generation   total 12736K, used 11328K [0x04c00000, 0x059d0000, 0x1a150000)
  eden space 11328K, 100% used [0x04c00000, 0x05710000, 0x05710000)
  from space 1408K,   0% used [0x05710000, 0x05710000, 0x05870000)
  to   space 1408K,   0% used [0x05870000, 0x05870000, 0x059d0000)
 tenured generation   total 28208K, used 24144K [0x1a150000, 0x1bcdc000, 0x44c00000)
   the space 28208K,  85% used [0x1a150000, 0x1b8e4358, 0x1b8e4400, 0x1bcdc000)
 Metaspace       used 3888K, capacity 3920K, committed 4032K, reserved 4480K

Deoptimization events (0 events):
No events

Internal exceptions (10 events):
Event: 3.400 Thread 0x02a9c400 Exception <a 'java/security/PrivilegedActionException'> (0x055a8e90) thrown at [D:\re\workspace\8-2-build-windows-i586-cygwin\jdk8u20\1074\hotspot\src\share\vm\prims\jvm.cpp, line 1275]
Event: 3.400 Thread 0x02a9c400 Exception <a 'java/security/PrivilegedActionException'> (0x055a91d0) thrown at [D:\re\workspace\8-2-build-windows-i586-cygwin\jdk8u20\1074\hotspot\src\share\vm\prims\jvm.cpp, line 1275]
Event: 3.409 Thread 0x02a9c400 Exception <a 'java/security/PrivilegedActionException'> (0x055aca88) thrown at [D:\re\workspace\8-2-build-windows-i586-cygwin\jdk8u20\1074\hotspot\src\share\vm\prims\jvm.cpp, line 1275]
Event: 3.409 Thread 0x02a9c400 Exception <a 'java/security/PrivilegedActionException'> (0x055aea48) thrown at [D:\re\workspace\8-2-build-windows-i586-cygwin\jdk8u20\1074\hotspot\src\share\vm\prims\jvm.cpp, line 1275]
Event: 3.409 Thread 0x02a9c400 Exception <a 'java/security/PrivilegedActionException'> (0x055b0a30) thrown at [D:\re\workspace\8-2-build-windows-i586-cygwin\jdk8u20\1074\hotspot\src\share\vm\prims\jvm.cpp, line 1275]
Event: 3.410 Thread 0x02a9c400 Exception <a 'java/security/PrivilegedActionException'> (0x055b12d0) thrown at [D:\re\workspace\8-2-build-windows-i586-cygwin\jdk8u20\1074\hotspot\src\share\vm\prims\jvm.cpp, line 1275]
Event: 3.413 Thread 0x02a9c400 Exception <a 'java/security/PrivilegedActionException'> (0x055bfbd8) thrown at [D:\re\workspace\8-2-build-windows-i586-cygwin\jdk8u20\1074\hotspot\src\share\vm\prims\jvm.cpp, line 1275]
Event: 3.413 Thread 0x02a9c400 Exception <a 'java/security/PrivilegedActionException'> (0x055c0478) thrown at [D:\re\workspace\8-2-build-windows-i586-cygwin\jdk8u20\1074\hotspot\src\share\vm\prims\jvm.cpp, line 1275]
Event: 3.414 Thread 0x02a9c400 Exception <a 'java/security/PrivilegedActionException'> (0x055c1c30) thrown at [D:\re\workspace\8-2-build-windows-i586-cygwin\jdk8u20\1074\hotspot\src\share\vm\prims\jvm.cpp, line 1275]
Event: 3.414 Thread 0x02a9c400 Exception <a 'java/security/PrivilegedActionException'> (0x055c2500) thrown at [D:\re\workspace\8-2-build-windows-i586-cygwin\jdk8u20\1074\hotspot\src\share\vm\prims\jvm.cpp, line 1275]

Events (10 events):
Event: 4.402 Executing VM operation: GenCollectForAllocation done
Event: 4.421 Executing VM operation: GenCollectForAllocation
Event: 4.422 Executing VM operation: GenCollectForAllocation done
Event: 4.494 Executing VM operation: GenCollectForAllocation
Event: 4.515 Executing VM operation: GenCollectForAllocation done
Event: 4.530 Executing VM operation: GenCollectForAllocation
Event: 4.556 Executing VM operation: GenCollectForAllocation done
Event: 4.566 Executing VM operation: GenCollectForAllocation
Event: 4.593 Executing VM operation: GenCollectForAllocation done
Event: 4.603 Executing VM operation: GenCollectForAllocation


Dynamic libraries:
0x00e60000 - 0x00e90000 	C:\PROGRA~2\Java\JDK18~1.0_2\bin\java.exe
0x77c00000 - 0x77d6e000 	C:\WINDOWS\SYSTEM32\ntdll.dll
0x75ca0000 - 0x75de0000 	C:\WINDOWS\SYSTEM32\KERNEL32.DLL
0x77840000 - 0x77917000 	C:\WINDOWS\SYSTEM32\KERNELBASE.dll
0x703a0000 - 0x70440000 	C:\WINDOWS\system32\apphelp.dll
0x57a60000 - 0x57cc5000 	C:\WINDOWS\AppPatch\AcGenral.DLL
0x76160000 - 0x76223000 	C:\WINDOWS\SYSTEM32\msvcrt.dll
0x75610000 - 0x75651000 	C:\WINDOWS\SYSTEM32\sechost.dll
0x75400000 - 0x7541e000 	C:\WINDOWS\SYSTEM32\SspiCli.dll
0x75c50000 - 0x75c95000 	C:\WINDOWS\SYSTEM32\SHLWAPI.dll
0x70e90000 - 0x70f7d000 	C:\WINDOWS\SYSTEM32\UxTheme.dll
0x76000000 - 0x76153000 	C:\WINDOWS\SYSTEM32\USER32.dll
0x75df0000 - 0x75efe000 	C:\WINDOWS\SYSTEM32\GDI32.dll
0x74cb0000 - 0x74cd3000 	C:\WINDOWS\SYSTEM32\WINMM.dll
0x6f6e0000 - 0x6f6f3000 	C:\WINDOWS\SYSTEM32\samcli.dll
0x75b20000 - 0x75c48000 	C:\WINDOWS\SYSTEM32\ole32.dll
0x75f00000 - 0x75f95000 	C:\WINDOWS\SYSTEM32\OLEAUT32.dll
0x6f300000 - 0x6f317000 	C:\WINDOWS\SYSTEM32\MSACM32.dll
0x75380000 - 0x75388000 	C:\WINDOWS\SYSTEM32\VERSION.dll
0x76430000 - 0x776dd000 	C:\WINDOWS\SYSTEM32\SHELL32.dll
0x74b80000 - 0x74b9b000 	C:\WINDOWS\SYSTEM32\USERENV.dll
0x712e0000 - 0x712fa000 	C:\WINDOWS\SYSTEM32\dwmapi.dll
0x713c0000 - 0x7150a000 	C:\WINDOWS\SYSTEM32\urlmon.dll
0x757a0000 - 0x7581c000 	C:\WINDOWS\SYSTEM32\ADVAPI32.dll
0x75310000 - 0x75375000 	C:\WINDOWS\SYSTEM32\WINSPOOL.DRV
0x71520000 - 0x71536000 	C:\WINDOWS\SYSTEM32\MPR.dll
0x77780000 - 0x7783a000 	C:\WINDOWS\SYSTEM32\RPCRT4.dll
0x753f0000 - 0x753fa000 	C:\WINDOWS\SYSTEM32\CRYPTBASE.dll
0x75940000 - 0x75abd000 	C:\WINDOWS\SYSTEM32\combase.dll
0x74c80000 - 0x74ca3000 	C:\WINDOWS\SYSTEM32\WINMMBASE.dll
0x74be0000 - 0x74bef000 	C:\WINDOWS\SYSTEM32\profapi.dll
0x73f40000 - 0x74172000 	C:\WINDOWS\SYSTEM32\iertutil.dll
0x74400000 - 0x745d5000 	C:\WINDOWS\SYSTEM32\WININET.dll
0x75390000 - 0x753e4000 	C:\WINDOWS\SYSTEM32\bcryptPrimitives.dll
0x76230000 - 0x7626c000 	C:\WINDOWS\SYSTEM32\cfgmgr32.dll
0x752e0000 - 0x75301000 	C:\WINDOWS\SYSTEM32\DEVOBJ.dll
0x74bf0000 - 0x74c7b000 	C:\WINDOWS\SYSTEM32\SHCORE.DLL
0x75770000 - 0x75797000 	C:\WINDOWS\system32\IMM32.DLL
0x75820000 - 0x75933000 	C:\WINDOWS\SYSTEM32\MSCTF.dll
0x6f490000 - 0x6f696000 	C:\WINDOWS\WinSxS\x86_microsoft.windows.common-controls_6595b64144ccf1df_6.0.9600.17415_none_a9ed7f470139b3c1\COMCTL32.dll
0x53830000 - 0x538ef000 	C:\PROGRA~2\Java\JDK18~1.0_2\jre\bin\msvcr100.dll
0x53480000 - 0x53822000 	C:\PROGRA~2\Java\JDK18~1.0_2\jre\bin\client\jvm.dll
0x74ce0000 - 0x74ce8000 	C:\WINDOWS\SYSTEM32\WSOCK32.dll
0x75de0000 - 0x75de6000 	C:\WINDOWS\SYSTEM32\PSAPI.DLL
0x75720000 - 0x75770000 	C:\WINDOWS\SYSTEM32\WS2_32.dll
0x75670000 - 0x75677000 	C:\WINDOWS\SYSTEM32\NSI.dll
0x69590000 - 0x6959c000 	C:\PROGRA~2\Java\JDK18~1.0_2\jre\bin\verify.dll
0x5db90000 - 0x5dbb1000 	C:\PROGRA~2\Java\JDK18~1.0_2\jre\bin\java.dll
0x5d6e0000 - 0x5d6f3000 	C:\PROGRA~2\Java\JDK18~1.0_2\jre\bin\zip.dll

VM Arguments:
jvm_args: -Xmx1024M -Xss1m -Djava.ext.dirs=C:\Users\Alberto\AppData\Local\Android\sdk\build-tools\21.1.2\lib 
java_command: C:\Users\Alberto\AppData\Local\Android\sdk\build-tools\21.1.2\lib\dx.jar --dex --no-optimize --output D:\Asv\Android\Proyectos\GetMyAlerts\TestAppoxeeSDK\app\build\intermediates\dex\debug --input-list D:\Asv\Android\Proyectos\GetMyAlerts\TestAppoxeeSDK\app\build\intermediates\tmp\dex\debug\inputList.txt
java_class_path (initial): C:\Users\Alberto\AppData\Local\Android\sdk\build-tools\21.1.2\lib\dx.jar
Launcher Type: SUN_STANDARD

Environment Variables:
JAVA_HOME=C:\Program Files (x86)\Java\jdk1.8.0_20\
PATH=C:\ProgramData\Oracle\Java\javapath;C:\Program Files (x86)\AMD APP\bin\x86_64;C:\Program Files (x86)\AMD APP\bin\x86;C:\WINDOWS\system32;C:\WINDOWS;C:\WINDOWS\System32\Wbem;C:\WINDOWS\System32\WindowsPowerShell\v1.0\;C:\Program Files\TortoiseSVN\bin;C:\Program Files (x86)\Windows Kits\8.0\Windows Performance Toolkit\;C:\Program Files (x86)\ATI Technologies\ATI.ACE\Core-Static;C:\Program Files\Microsoft\Web Platform Installer\;C:\Program Files (x86)\Microsoft ASP.NET\ASP.NET Web Pages\v1.0\;C:\Program Files\Microsoft SQL Server\110\Tools\Binn\;C:\Program Files (x86)\Windows Kits\8.1\Windows Performance Toolkit\;C:\Program Files (x86)\Microsoft SDKs\TypeScript\1.0\;C:\Program Files (x86)\QuickTime\QTSystem\
USERNAME=Alberto
OS=Windows_NT
PROCESSOR_IDENTIFIER=Intel64 Family 6 Model 42 Stepping 7, GenuineIntel



---------------  S Y S T E M  ---------------

OS: Windows 8.1 , 64 bit Build 9600 

CPU:total 4 (4 cores per cpu, 1 threads per core) family 6 model 42 stepping 7, cmov, cx8, fxsr, mmx, sse, sse2, sse3, ssse3, sse4.1, sse4.2, popcnt, avx, aes, clmul, tsc, tscinvbit

Memory: 4k page, physical 12564944k(3489880k free), swap 12564944k(4992k free)

vm_info: Java HotSpot(TM) Client VM (25.20-b23) for windows-x86 JRE (1.8.0_20-b26), built on Jul 30 2014 18:14:41 by "java_re" with MS VC++ 10.0 (VS2010)

time: Wed Mar 11 17:48:57 2015
elapsed time: 4 seconds (0d 0h 0m 4s)

